<?xml version="1.0" encoding="UTF-8"?>
<!-- Generated by org.testng.reporters.JUnitReportReporter -->
<testsuite skipped="0" hostname="Srini-Latitude" name="mymaven.SeleniumTest" tests="2" failures="0" timestamp="2019-10-26T00:37:37 CDT" time="0.000" errors="0">
  <testcase name="weblogin" time="0.000" classname="mymaven.SeleniumTest"/>
  <testcase name="webtest" time="0.000" classname="mymaven.SeleniumTest"/>
</testsuite> <!-- mymaven.SeleniumTest -->
