<?xml version="1.0" encoding="UTF-8"?>
<!-- Generated by org.testng.reporters.JUnitReportReporter -->
<testsuite skipped="0" hostname="Srini-Latitude" name="mymaven.RestapiTest" tests="2" failures="0" timestamp="2019-10-26T00:37:37 CDT" time="0.012" errors="0">
  <testcase name="deletetwitter" time="0.000" classname="mymaven.RestapiTest"/>
  <testcase name="api" time="0.012" classname="mymaven.RestapiTest"/>
</testsuite> <!-- mymaven.RestapiTest -->
