<?xml version="1.0" encoding="UTF-8"?>
<!-- Generated by org.testng.reporters.JUnitReportReporter -->
<testsuite skipped="0" hostname="Srini-Latitude" name="mymaven.AppiumTest" tests="2" failures="0" timestamp="2019-10-26T00:37:37 CDT" time="0.000" errors="0">
  <testcase name="appiummethod" time="0.000" classname="mymaven.AppiumTest"/>
  <testcase name="mobilelogin" time="0.000" classname="mymaven.AppiumTest"/>
</testsuite> <!-- mymaven.AppiumTest -->
